<?xml version="1.0" encoding="UTF-8"?>
<!-- Generated by org.testng.reporters.JUnitReportReporter -->
<testsuite hostname="DESKTOP-1GJQ8KB" failures="0" tests="3" name="rahulshettyacademy.Tests.OrderSubmission" time="56.117" errors="0" timestamp="2024-06-26T12:39:10 IST" skipped="0">
  <testcase classname="rahulshettyacademy.Tests.OrderSubmission" name="SubmitOrder" time="23.947"/>
  <testcase classname="rahulshettyacademy.Tests.OrderSubmission" name="OrderHistoryTest" time="7.369"/>
  <testcase classname="rahulshettyacademy.Tests.OrderSubmission" name="SubmitOrder" time="24.801"/>
</testsuite> <!-- rahulshettyacademy.Tests.OrderSubmission -->
