<?xml version="1.0" encoding="UTF-8"?>
<!-- Generated by org.testng.reporters.JUnitReportReporter -->
<testsuite hostname="DESKTOP-1GJQ8KB" failures="0" tests="1" name="cucumber.testNgtestRunner" time="10.759" errors="0" timestamp="2024-06-29T11:21:21 IST" skipped="0">
  <testcase classname="cucumber.testNgtestRunner" name="runScenario" time="10.759"/>
</testsuite> <!-- cucumber.testNgtestRunner -->
