<?xml version="1.0" encoding="UTF-8"?>
<!-- Generated by org.testng.reporters.JUnitReportReporter -->
<testsuite hostname="DESKTOP-1GJQ8KB" failures="0" tests="2" name="rahulshettyacademy.Tests.OrderSubmission" time="23.857" errors="0" timestamp="2024-06-28T11:33:11 IST" skipped="0">
  <testcase classname="rahulshettyacademy.Tests.OrderSubmission" name="SubmitOrder" time="17.861"/>
  <testcase classname="rahulshettyacademy.Tests.OrderSubmission" name="SubmitOrder" time="5.996"/>
</testsuite> <!-- rahulshettyacademy.Tests.OrderSubmission -->
