<?xml version="1.0" encoding="UTF-8"?>
<!-- Generated by org.testng.reporters.JUnitReportReporter -->
<testsuite hostname="DESKTOP-1GJQ8KB" failures="0" tests="1" name="rahulshettyacademy.Tests.ErrorValidations" time="8.905" errors="0" timestamp="2024-06-29T14:04:21 IST" skipped="0">
  <testcase classname="rahulshettyacademy.Tests.ErrorValidations" name="LoginErrorValidation" time="8.905"/>
</testsuite> <!-- rahulshettyacademy.Tests.ErrorValidations -->
